<?xml version="1.0" encoding="UTF-8" ?>
<testsuite tests="6" failures="2" name="personaTest.PersonaTest" time="0.069" errors="0" skipped="0">
  <properties>
[...]
</properties>
  <testcase classname="personaTest.PersonaTest" name="personaTest.PersonaTest.testPersonaSenzaPatente" time="0.009"/>
  <testcase classname="personaTest.PersonaTest" name="personaTest.PersonaTest.testOutput_PatenteEAassicurazione" time="0.049">
    <failure message="expected: &lt;true&gt; but was: &lt;false&gt;" type="org.opentest4j.AssertionFailedError">org.opentest4j.AssertionFailedError: expected: &lt;true&gt; but was: &lt;false&gt;
	at org.junit.jupiter.api.AssertionUtils.fail(AssertionUtils.java:55)
	at org.junit.jupiter.api.AssertTrue.assertTrue(AssertTrue.java:40)
	at org.junit.jupiter.api.AssertTrue.assertTrue(AssertTrue.java:35)
	at org.junit.jupiter.api.Assertions.assertTrue(Assertions.java:179)
	at personaTest.PersonaTest.testOutput_PatenteEAassicurazione(PersonaTest.java:54)
</failure>
    <system-out>EtÃ : 56
Ha la patente: true
Ha l&apos;assicurazione: true
Puoi guidare il tuo veicolo, hai la patente e l&apos;assicurazione.
</system-out>
  </testcase>
  <testcase classname="personaTest.PersonaTest" name="personaTest.PersonaTest.testPersonaSenzaPatenteENessunaAssicurazione" time="0.005"/>
  <testcase classname="personaTest.PersonaTest" name="personaTest.PersonaTest.testPersonaConPatenteSenzaAssicurazione" time="0.001"/>
  <testcase classname="personaTest.PersonaTest" name="personaTest.PersonaTest.testPersonaConPatenteEAassicurazione" time="0"/>
  <testcase classname="personaTest.PersonaTest" name="personaTest.PersonaTest.testOutputdelMain" time="0.005">
    <failure message="expected: &lt;false&gt; but was: &lt;true&gt;" type="org.opentest4j.AssertionFailedError">org.opentest4j.AssertionFailedError: expected: &lt;false&gt; but was: &lt;true&gt;
	at org.junit.jupiter.api.AssertionUtils.fail(AssertionUtils.java:55)
	at org.junit.jupiter.api.AssertFalse.assertFalse(AssertFalse.java:40)
	at org.junit.jupiter.api.AssertFalse.assertFalse(AssertFalse.java:35)
	at org.junit.jupiter.api.Assertions.assertFalse(Assertions.java:227)
	at personaTest.PersonaTest.testOutputdelMain(PersonaTest.java:101)
</failure>
    <system-out>Persona 1:
EtÃ : 41
Ha la patente: true
Ha l&apos;assicurazione: true
Puoi guidare il tuo veicolo, hai la patente e l&apos;assicurazione.

Persona 2:
EtÃ : 30
Ha la patente: true
Ha l&apos;assicurazione: true
Puoi guidare il tuo veicolo, hai la patente e l&apos;assicurazione.

Persona 3:
EtÃ : 20
Ha la patente: false
Ha l&apos;assicurazione: true
Non puoi guidare un&apos;auto.

Persona 4:
EtÃ : 20
Ha la patente: false
Ha l&apos;assicurazione: false
Non puoi guidare un&apos;auto.

Persona 5:
EtÃ : 36
Ha la patente: true
Ha l&apos;assicurazione: false
Puoi guidare auto di altri, hai la patente anche se non hai l&apos;assicurazione.

</system-out>
  </testcase>
</testsuite>