<?xml version="1.0" encoding="UTF-8"?>
<testsuite xmlns:xsi="http://www.w3.org/2001/XMLSchema-instance" xsi:noNamespaceSchemaLocation="https://maven.apache.org/surefire/maven-surefire-plugin/xsd/surefire-test-report-3.0.xsd" version="3.0" name="CodiceMedie.MedieVotiTest" time="0.139" tests="11" errors="0" skipped="0" failures="0">
  <properties>
[...]
</properties>
  <testcase name="testNuovaMedia" classname="CodiceMedie.MedieVotiTest" time="0.07"/>
  <testcase name="testToString" classname="CodiceMedie.MedieVotiTest" time="0.007"/>
  <testcase name="testNuovaMediaConVotoSuperioreUgualeA30" classname="CodiceMedie.MedieVotiTest" time="0.001"/>
  <testcase name="testMediaNaN" classname="CodiceMedie.MedieVotiTest" time="0.004"/>
  <testcase name="testUltimoVotoNaN" classname="CodiceMedie.MedieVotiTest" time="0.003"/>
  <testcase name="testNuovaMediaConVotoInferioreUgualeA18" classname="CodiceMedie.MedieVotiTest" time="0.001"/>
  <testcase name="testMedieVotiNoEccezioni" classname="CodiceMedie.MedieVotiTest" time="0.008">
    <system-out><![CDATA[MARIO ROSSI: Media 25,60, Ultimo voto 27.16
Nuova media supera quella precedente? true

LUCA BIANCHI: Media 26,05, Ultimo voto 24.16
Nuova media supera quella precedente? false

MARCO TOGNI: Media 25,86, Ultimo voto 27.52
Nuova media supera quella precedente? true

GABRIELE ISOLA: Media 23,46, Ultimo voto 29.13
Nuova media supera quella precedente? true

ANDREA GIOIA: Media 29,79, Ultimo voto 23.78
Nuova media supera quella precedente? false

LETIZIA GUERRA: Media 23,11, Ultimo voto 22.32
Nuova media supera quella precedente? false

CLAUDIA GIALLI: Media 27,81, Ultimo voto 28.85
Nuova media supera quella precedente? true

PAOLO VERDI: Media 22,42, Ultimo voto 23.66
Nuova media supera quella precedente? true

ENRICO FERMI: Media 27,52, Ultimo voto 18.23
Nuova media supera quella precedente? false

VINCENZO TESTA: Media 27,49, Ultimo voto 19.69
Nuova media supera quella precedente? false

]]></system-out>
  </testcase>
  <testcase name="testNuovaMediaUltimoVotoConsentito" classname="CodiceMedie.MedieVotiTest" time="0.001"/>
  <testcase name="testStudentCostruttoreConNomeENaN" classname="CodiceMedie.MedieVotiTest" time="0.002"/>
  <testcase name="testCognomeNull" classname="CodiceMedie.MedieVotiTest" time="0.001"/>
  <testcase name="testNomeNull" classname="CodiceMedie.MedieVotiTest" time="0.001"/>
</testsuite>